# JRE version: Java(TM) SE Runtime Environment (19.0.2+7) (build 19.0.2+7-44)
# Java VM: Java HotSpot(TM) 64-Bit Server VM (19.0.2+7-44, mixed mode, sharing, tiered, compressed oops, compressed class ptrs, g1 gc, windows-amd64)
GC Precious Log:
 CardTable entry size: 512
 Card Set container configuration: InlinePtr #cards 5 size 8 Array Of Cards #cards 12 size 40 Howl #buckets 4 coarsen threshold 1843 Howl Bitmap #cards 512 size 80 coarsen threshold 460 Card regions per heap region 1 cards per card region 2048
 CPUs: 8 total, 8 available
 Memory: 7930M
 Large Page Support: Disabled
 NUMA Support: Disabled
 Compressed Oops: Enabled (32-bit)
 Heap Region Size: 1M
 Heap Min Capacity: 8M
 Heap Initial Capacity: 124M
 Heap Max Capacity: 1984M
 Pre-touch: Disabled
 Parallel Workers: 8
 Concurrent Workers: 2
 Concurrent Refinement Workers: 8
 Periodic GC: Disabled
Heap:
 garbage-first heap   total 93184K, used 52046K [0x0000000084000000, 0x0000000100000000)
  region size 1024K, 7 young (7168K), 4 survivors (4096K)
 Metaspace       used 27703K, committed 28096K, reserved 1114112K
  class space    used 2991K, committed 3200K, reserved 1048576K
GC Heap History (18 events):
Event: 4.461 GC heap before
{Heap before GC invocations=0 (full 0):
 garbage-first heap   total 126976K, used 22528K [0x0000000084000000, 0x0000000100000000)
  region size 1024K, 23 young (23552K), 0 survivors (0K)
 Metaspace       used 5605K, committed 5824K, reserved 1114112K
  class space    used 637K, committed 768K, reserved 1048576K
}
Event: 4.559 GC heap after
{Heap after GC invocations=1 (full 0):
 garbage-first heap   total 126976K, used 3648K [0x0000000084000000, 0x0000000100000000)
  region size 1024K, 3 young (3072K), 3 survivors (3072K)
 Metaspace       used 5605K, committed 5824K, reserved 1114112K
  class space    used 637K, committed 768K, reserved 1048576K
}
Event: 6.994 GC heap before
{Heap before GC invocations=1 (full 0):
 garbage-first heap   total 126976K, used 33344K [0x0000000084000000, 0x0000000100000000)
  region size 1024K, 32 young (32768K), 3 survivors (3072K)
 Metaspace       used 9028K, committed 9216K, reserved 1114112K
  class space    used 1037K, committed 1152K, reserved 1048576K
}
Event: 7.008 GC heap after
{Heap after GC invocations=2 (full 0):
 garbage-first heap   total 126976K, used 5209K [0x0000000084000000, 0x0000000100000000)
  region size 1024K, 2 young (2048K), 2 survivors (2048K)
 Metaspace       used 9028K, committed 9216K, reserved 1114112K
  class space    used 1037K, committed 1152K, reserved 1048576K
}
Event: 14.809 GC heap before
{Heap before GC invocations=2 (full 0):
 garbage-first heap   total 126976K, used 78937K [0x0000000084000000, 0x0000000100000000)
  region size 1024K, 74 young (75776K), 2 survivors (2048K)
 Metaspace       used 15891K, committed 16128K, reserved 1114112K
  class space    used 1811K, committed 1920K, reserved 1048576K
}
Event: 14.851 GC heap after
{Heap after GC invocations=3 (full 0):
 garbage-first heap   total 126976K, used 13385K [0x0000000084000000, 0x0000000100000000)
  region size 1024K, 10 young (10240K), 10 survivors (10240K)
 Metaspace       used 15891K, committed 16128K, reserved 1114112K
  class space    used 1811K, committed 1920K, reserved 1048576K
}
Event: 24.541 GC heap before
{Heap before GC invocations=3 (full 0):
 garbage-first heap   total 126976K, used 111689K [0x0000000084000000, 0x0000000100000000)
  region size 1024K, 74 young (75776K), 10 survivors (10240K)
 Metaspace       used 19140K, committed 19456K, reserved 1114112K
  class space    used 2104K, committed 2240K, reserved 1048576K
}
Event: 24.584 GC heap after
{Heap after GC invocations=4 (full 0):
 garbage-first heap   total 126976K, used 16034K [0x0000000084000000, 0x0000000100000000)
  region size 1024K, 4 young (4096K), 4 survivors (4096K)
 Metaspace       used 19140K, committed 19456K, reserved 1114112K
  class space    used 2104K, committed 2240K, reserved 1048576K
}
Event: 27.581 GC heap before
{Heap before GC invocations=4 (full 0):
 garbage-first heap   total 126976K, used 40610K [0x0000000084000000, 0x0000000100000000)
  region size 1024K, 23 young (23552K), 4 survivors (4096K)
 Metaspace       used 21193K, committed 21504K, reserved 1114112K
  class space    used 2383K, committed 2496K, reserved 1048576K
}
Event: 27.600 GC heap after
{Heap after GC invocations=5 (full 0):
 garbage-first heap   total 126976K, used 23714K [0x0000000084000000, 0x0000000100000000)
  region size 1024K, 7 young (7168K), 7 survivors (7168K)
 Metaspace       used 21193K, committed 21504K, reserved 1114112K
  class space    used 2383K, committed 2496K, reserved 1048576K
}
Event: 34.792 GC heap before
{Heap before GC invocations=6 (full 0):
 garbage-first heap   total 86016K, used 70818K [0x0000000084000000, 0x0000000100000000)
  region size 1024K, 50 young (51200K), 7 survivors (7168K)
 Metaspace       used 26185K, committed 26560K, reserved 1114112K
  class space    used 2889K, committed 3072K, reserved 1048576K
}
Event: 34.834 GC heap after
{Heap after GC invocations=7 (full 0):
 garbage-first heap   total 93184K, used 39074K [0x0000000084000000, 0x0000000100000000)
  region size 1024K, 7 young (7168K), 7 survivors (7168K)
 Metaspace       used 26185K, committed 26560K, reserved 1114112K
  class space    used 2889K, committed 3072K, reserved 1048576K
}
Event: 35.248 GC heap before
{Heap before GC invocations=7 (full 0):
 garbage-first heap   total 93184K, used 41122K [0x0000000084000000, 0x0000000100000000)
  region size 1024K, 8 young (8192K), 7 survivors (7168K)
 Metaspace       used 26185K, committed 26560K, reserved 1114112K
  class space    used 2889K, committed 3072K, reserved 1048576K
}
Event: 35.259 GC heap after
{Heap after GC invocations=8 (full 0):
 garbage-first heap   total 93184K, used 41984K [0x0000000084000000, 0x0000000100000000)
  region size 1024K, 1 young (1024K), 1 survivors (1024K)
 Metaspace       used 26185K, committed 26560K, reserved 1114112K
  class space    used 2889K, committed 3072K, reserved 1048576K
}
Event: 38.371 GC heap before
{Heap before GC invocations=8 (full 0):
 garbage-first heap   total 93184K, used 66560K [0x0000000084000000, 0x0000000100000000)
  region size 1024K, 25 young (25600K), 1 survivors (1024K)
 Metaspace       used 26940K, committed 27328K, reserved 1114112K
  class space    used 2951K, committed 3136K, reserved 1048576K
}
Event: 38.381 GC heap after
{Heap after GC invocations=9 (full 0):
 garbage-first heap   total 93184K, used 46592K [0x0000000084000000, 0x0000000100000000)
  region size 1024K, 4 young (4096K), 4 survivors (4096K)
 Metaspace       used 26940K, committed 27328K, reserved 1114112K
  class space    used 2951K, committed 3136K, reserved 1048576K
}
Event: 41.836 GC heap before
{Heap before GC invocations=9 (full 0):
 garbage-first heap   total 93184K, used 69120K [0x0000000084000000, 0x0000000100000000)
  region size 1024K, 26 young (26624K), 4 survivors (4096K)
 Metaspace       used 27427K, committed 27776K, reserved 1114112K
  class space    used 2968K, committed 3136K, reserved 1048576K
}
Event: 41.865 GC heap after
{Heap after GC invocations=10 (full 0):
 garbage-first heap   total 93184K, used 49998K [0x0000000084000000, 0x0000000100000000)
  region size 1024K, 4 young (4096K), 4 survivors (4096K)
 Metaspace       used 27427K, committed 27776K, reserved 1114112K
  class space    used 2968K, committed 3136K, reserved 1048576K
}

