# JRE version: Java(TM) SE Runtime Environment (19.0.2+7) (build 19.0.2+7-44)
# Java VM: Java HotSpot(TM) 64-Bit Server VM (19.0.2+7-44, mixed mode, sharing, tiered, compressed oops, compressed class ptrs, g1 gc, windows-amd64)
GC Precious Log:
 CardTable entry size: 512
 Card Set container configuration: InlinePtr #cards 5 size 8 Array Of Cards #cards 12 size 40 Howl #buckets 4 coarsen threshold 1843 Howl Bitmap #cards 512 size 80 coarsen threshold 460 Card regions per heap region 1 cards per card region 2048
 CPUs: 8 total, 8 available
 Memory: 7930M
 Large Page Support: Disabled
 NUMA Support: Disabled
 Compressed Oops: Enabled (32-bit)
 Heap Region Size: 1M
 Heap Min Capacity: 8M
 Heap Initial Capacity: 124M
 Heap Max Capacity: 1984M
 Pre-touch: Disabled
 Parallel Workers: 8
 Concurrent Workers: 2
 Concurrent Refinement Workers: 8
 Periodic GC: Disabled
Heap:
 garbage-first heap   total 97280K, used 49664K [0x0000000084000000, 0x0000000100000000)
  region size 1024K, 9 young (9216K), 1 survivors (1024K)
 Metaspace       used 26295K, committed 26624K, reserved 1114112K
  class space    used 2914K, committed 3072K, reserved 1048576K
GC Heap History (14 events):
Event: 1.102 GC heap before
{Heap before GC invocations=0 (full 0):
 garbage-first heap   total 126976K, used 22528K [0x0000000084000000, 0x0000000100000000)
  region size 1024K, 23 young (23552K), 0 survivors (0K)
 Metaspace       used 5605K, committed 5824K, reserved 1114112K
  class space    used 636K, committed 768K, reserved 1048576K
}
Event: 1.111 GC heap after
{Heap after GC invocations=1 (full 0):
 garbage-first heap   total 126976K, used 3808K [0x0000000084000000, 0x0000000100000000)
  region size 1024K, 3 young (3072K), 3 survivors (3072K)
 Metaspace       used 5605K, committed 5824K, reserved 1114112K
  class space    used 636K, committed 768K, reserved 1048576K
}
Event: 1.848 GC heap before
{Heap before GC invocations=1 (full 0):
 garbage-first heap   total 126976K, used 35552K [0x0000000084000000, 0x0000000100000000)
  region size 1024K, 34 young (34816K), 3 survivors (3072K)
 Metaspace       used 9215K, committed 9344K, reserved 1114112K
  class space    used 1071K, committed 1152K, reserved 1048576K
}
Event: 1.858 GC heap after
{Heap after GC invocations=2 (full 0):
 garbage-first heap   total 126976K, used 5294K [0x0000000084000000, 0x0000000100000000)
  region size 1024K, 2 young (2048K), 2 survivors (2048K)
 Metaspace       used 9215K, committed 9344K, reserved 1114112K
  class space    used 1071K, committed 1152K, reserved 1048576K
}
Event: 4.320 GC heap before
{Heap before GC invocations=2 (full 0):
 garbage-first heap   total 126976K, used 79022K [0x0000000084000000, 0x0000000100000000)
  region size 1024K, 74 young (75776K), 2 survivors (2048K)
 Metaspace       used 15880K, committed 16128K, reserved 1114112K
  class space    used 1811K, committed 1920K, reserved 1048576K
}
Event: 4.352 GC heap after
{Heap after GC invocations=3 (full 0):
 garbage-first heap   total 126976K, used 13495K [0x0000000084000000, 0x0000000100000000)
  region size 1024K, 10 young (10240K), 10 survivors (10240K)
 Metaspace       used 15880K, committed 16128K, reserved 1114112K
  class space    used 1811K, committed 1920K, reserved 1048576K
}
Event: 7.045 GC heap before
{Heap before GC invocations=3 (full 0):
 garbage-first heap   total 126976K, used 111799K [0x0000000084000000, 0x0000000100000000)
  region size 1024K, 74 young (75776K), 10 survivors (10240K)
 Metaspace       used 19693K, committed 20032K, reserved 1114112K
  class space    used 2178K, committed 2368K, reserved 1048576K
}
Event: 7.063 GC heap after
{Heap after GC invocations=4 (full 0):
 garbage-first heap   total 126976K, used 16430K [0x0000000084000000, 0x0000000100000000)
  region size 1024K, 4 young (4096K), 4 survivors (4096K)
 Metaspace       used 19693K, committed 20032K, reserved 1114112K
  class space    used 2178K, committed 2368K, reserved 1048576K
}
Event: 7.568 GC heap before
{Heap before GC invocations=4 (full 0):
 garbage-first heap   total 126976K, used 37934K [0x0000000084000000, 0x0000000100000000)
  region size 1024K, 20 young (20480K), 4 survivors (4096K)
 Metaspace       used 21258K, committed 21504K, reserved 1114112K
  class space    used 2393K, committed 2496K, reserved 1048576K
}
Event: 7.580 GC heap after
{Heap after GC invocations=5 (full 0):
 garbage-first heap   total 126976K, used 24504K [0x0000000084000000, 0x0000000100000000)
  region size 1024K, 8 young (8192K), 8 survivors (8192K)
 Metaspace       used 21258K, committed 21504K, reserved 1114112K
  class space    used 2393K, committed 2496K, reserved 1048576K
}
Event: 9.281 GC heap before
{Heap before GC invocations=6 (full 0):
 garbage-first heap   total 89088K, used 73656K [0x0000000084000000, 0x0000000100000000)
  region size 1024K, 52 young (53248K), 8 survivors (8192K)
 Metaspace       used 26187K, committed 26560K, reserved 1114112K
  class space    used 2897K, committed 3072K, reserved 1048576K
}
Event: 9.319 GC heap after
{Heap after GC invocations=7 (full 0):
 garbage-first heap   total 97280K, used 40945K [0x0000000084000000, 0x0000000100000000)
  region size 1024K, 7 young (7168K), 7 survivors (7168K)
 Metaspace       used 26187K, committed 26560K, reserved 1114112K
  class space    used 2897K, committed 3072K, reserved 1048576K
}
Event: 9.325 GC heap before
{Heap before GC invocations=7 (full 0):
 garbage-first heap   total 97280K, used 41969K [0x0000000084000000, 0x0000000100000000)
  region size 1024K, 8 young (8192K), 7 survivors (7168K)
 Metaspace       used 26187K, committed 26560K, reserved 1114112K
  class space    used 2897K, committed 3072K, reserved 1048576K
}
Event: 9.335 GC heap after
{Heap after GC invocations=8 (full 0):
 garbage-first heap   total 97280K, used 42496K [0x0000000084000000, 0x0000000100000000)
  region size 1024K, 1 young (1024K), 1 survivors (1024K)
 Metaspace       used 26187K, committed 26560K, reserved 1114112K
  class space    used 2897K, committed 3072K, reserved 1048576K
}

