# JRE version: OpenJDK Runtime Environment (25.0.2+10) (build 25.0.2+10-69)
# Java VM: OpenJDK 64-Bit Server VM (25.0.2+10-69, mixed mode, sharing, tiered, compressed oops, compressed class ptrs, g1 gc, windows-amd64)
GC Precious Log:
 CardTable entry size: 512
 Card Set container configuration: InlinePtr #cards 5 size 8 Array Of Cards #cards 10 size 36 Howl #buckets 4 coarsen threshold 1843 Howl Bitmap #cards 512 size 80 coarsen threshold 460 Card regions per heap region 1 cards per card region 2048
 CPUs: 8 total, 8 available
 Memory: 7930M
 Large Page Support: Disabled
 NUMA Support: Disabled
 Compressed Oops: Enabled (32-bit)
 Heap Region Size: 1M
 Heap Min Capacity: 8M
 Heap Initial Capacity: 124M
 Heap Max Capacity: 1984M
 Pre-touch: Disabled
 Parallel Workers: 8
 Concurrent Workers: 2
 Concurrent Refinement Workers: 8
 Periodic GC: Disabled
Heap:
 garbage-first heap   total reserved 2031616K, committed 122880K, used 88576K [0x0000000084000000, 0x0000000100000000)
  region size 1024K, 12 young (12288K), 5 survivors (5120K)
GC Heap Usage History (20 events):
Event: 28.678 {heap Before GC invocations=2 (full 0):
 garbage-first heap   total reserved 2031616K, committed 129024K, used 75181K [0x0000000084000000, 0x0000000100000000)
  region size 1024K, 71 young (72704K), 8 survivors (8192K)
}
Event: 28.700 {heap After GC invocations=3 (full 0):
 garbage-first heap   total reserved 2031616K, committed 129024K, used 14785K [0x0000000084000000, 0x0000000100000000)
  region size 1024K, 4 young (4096K), 4 survivors (4096K)
}
Event: 45.916 {heap Before GC invocations=3 (full 0):
 garbage-first heap   total reserved 2031616K, committed 129024K, used 101825K [0x0000000084000000, 0x0000000100000000)
  region size 1024K, 52 young (53248K), 4 survivors (4096K)
}
Event: 45.932 {heap After GC invocations=4 (full 0):
 garbage-first heap   total reserved 2031616K, committed 129024K, used 25535K [0x0000000084000000, 0x0000000100000000)
  region size 1024K, 10 young (10240K), 10 survivors (10240K)
}
Event: 47.540 {heap Before GC invocations=5 (full 0):
 garbage-first heap   total reserved 2031616K, committed 89088K, used 71615K [0x0000000084000000, 0x0000000100000000)
  region size 1024K, 52 young (53248K), 10 survivors (10240K)
}
Event: 47.567 {heap After GC invocations=6 (full 0):
 garbage-first heap   total reserved 2031616K, committed 96256K, used 39359K [0x0000000084000000, 0x0000000100000000)
  region size 1024K, 7 young (7168K), 7 survivors (7168K)
}
Event: 48.004 {heap Before GC invocations=6 (full 0):
 garbage-first heap   total reserved 2031616K, committed 96256K, used 74175K [0x0000000084000000, 0x0000000100000000)
  region size 1024K, 40 young (40960K), 7 survivors (7168K)
}
Event: 48.020 {heap After GC invocations=7 (full 0):
 garbage-first heap   total reserved 2031616K, committed 96256K, used 48427K [0x0000000084000000, 0x0000000100000000)
  region size 1024K, 5 young (5120K), 5 survivors (5120K)
}
Event: 48.273 {heap Before GC invocations=7 (full 0):
 garbage-first heap   total reserved 2031616K, committed 96256K, used 77099K [0x0000000084000000, 0x0000000100000000)
  region size 1024K, 33 young (33792K), 5 survivors (5120K)
}
Event: 48.291 {heap After GC invocations=8 (full 0):
 garbage-first heap   total reserved 2031616K, committed 96256K, used 53035K [0x0000000084000000, 0x0000000100000000)
  region size 1024K, 4 young (4096K), 4 survivors (4096K)
}
Event: 49.088 {heap Before GC invocations=9 (full 0):
 garbage-first heap   total reserved 2031616K, committed 96256K, used 80683K [0x0000000084000000, 0x0000000100000000)
  region size 1024K, 31 young (31744K), 4 survivors (4096K)
}
Event: 49.100 {heap After GC invocations=10 (full 0):
 garbage-first heap   total reserved 2031616K, committed 96256K, used 54303K [0x0000000084000000, 0x0000000100000000)
  region size 1024K, 2 young (2048K), 2 survivors (2048K)
}
Event: 49.810 {heap Before GC invocations=10 (full 0):
 garbage-first heap   total reserved 2031616K, committed 96256K, used 81951K [0x0000000084000000, 0x0000000100000000)
  region size 1024K, 29 young (29696K), 2 survivors (2048K)
}
Event: 49.818 {heap After GC invocations=11 (full 0):
 garbage-first heap   total reserved 2031616K, committed 96256K, used 55102K [0x0000000084000000, 0x0000000100000000)
  region size 1024K, 3 young (3072K), 3 survivors (3072K)
}
Event: 50.348 {heap Before GC invocations=11 (full 0):
 garbage-first heap   total reserved 2031616K, committed 96256K, used 83774K [0x0000000084000000, 0x0000000100000000)
  region size 1024K, 31 young (31744K), 3 survivors (3072K)
}
Event: 50.360 {heap After GC invocations=12 (full 0):
 garbage-first heap   total reserved 2031616K, committed 115712K, used 56320K [0x0000000084000000, 0x0000000100000000)
  region size 1024K, 2 young (2048K), 2 survivors (2048K)
}
Event: 54.519 {heap Before GC invocations=13 (full 0):
 garbage-first heap   total reserved 2031616K, committed 115712K, used 105472K [0x0000000084000000, 0x0000000100000000)
  region size 1024K, 44 young (45056K), 2 survivors (2048K)
}
Event: 54.547 {heap After GC invocations=14 (full 0):
 garbage-first heap   total reserved 2031616K, committed 122880K, used 73728K [0x0000000084000000, 0x0000000100000000)
  region size 1024K, 6 young (6144K), 6 survivors (6144K)
}
Event: 54.886 {heap Before GC invocations=14 (full 0):
 garbage-first heap   total reserved 2031616K, committed 122880K, used 103424K [0x0000000084000000, 0x0000000100000000)
  region size 1024K, 34 young (34816K), 6 survivors (6144K)
}
Event: 54.905 {heap After GC invocations=15 (full 0):
 garbage-first heap   total reserved 2031616K, committed 122880K, used 82432K [0x0000000084000000, 0x0000000100000000)
  region size 1024K, 5 young (5120K), 5 survivors (5120K)
}

