# JRE version: OpenJDK Runtime Environment (25.0.2+10) (build 25.0.2+10-69)
# Java VM: OpenJDK 64-Bit Server VM (25.0.2+10-69, mixed mode, emulated-client, sharing, tiered, compressed oops, compressed class ptrs, g1 gc, windows-amd64)
GC Precious Log:
 CardTable entry size: 512
 Card Set container configuration: InlinePtr #cards 5 size 8 Array Of Cards #cards 10 size 36 Howl #buckets 4 coarsen threshold 1843 Howl Bitmap #cards 512 size 80 coarsen threshold 460 Card regions per heap region 1 cards per card region 2048
 CPUs: 8 total, 8 available
 Memory: 7930M
 Large Page Support: Disabled
 NUMA Support: Disabled
 Compressed Oops: Enabled (32-bit)
 Heap Region Size: 1M
 Heap Min Capacity: 8M
 Heap Initial Capacity: 124M
 Heap Max Capacity: 1984M
 Pre-touch: Disabled
 Parallel Workers: 8
 Concurrent Workers: 2
 Concurrent Refinement Workers: 8
 Periodic GC: Disabled
Heap:
 garbage-first heap   total reserved 2031616K, committed 71680K, used 44218K [0x0000000084000000, 0x0000000100000000)
  region size 1024K, 3 young (3072K), 3 survivors (3072K)
GC Heap Usage History (20 events):
Event: 8.189 {heap After GC invocations=9 (full 0):
 garbage-first heap   total reserved 2031616K, committed 70656K, used 27791K [0x0000000084000000, 0x0000000100000000)
  region size 1024K, 5 young (5120K), 5 survivors (5120K)
}
Event: 9.650 {heap Before GC invocations=9 (full 0):
 garbage-first heap   total reserved 2031616K, committed 70656K, used 58511K [0x0000000084000000, 0x0000000100000000)
  region size 1024K, 35 young (35840K), 5 survivors (5120K)
}
Event: 9.656 {heap After GC invocations=10 (full 0):
 garbage-first heap   total reserved 2031616K, committed 70656K, used 28913K [0x0000000084000000, 0x0000000100000000)
  region size 1024K, 2 young (2048K), 2 survivors (2048K)
}
Event: 10.974 {heap Before GC invocations=10 (full 0):
 garbage-first heap   total reserved 2031616K, committed 70656K, used 60657K [0x0000000084000000, 0x0000000100000000)
  region size 1024K, 33 young (33792K), 2 survivors (2048K)
}
Event: 10.978 {heap After GC invocations=11 (full 0):
 garbage-first heap   total reserved 2031616K, committed 70656K, used 30001K [0x0000000084000000, 0x0000000100000000)
  region size 1024K, 3 young (3072K), 3 survivors (3072K)
}
Event: 11.861 {heap Before GC invocations=11 (full 0):
 garbage-first heap   total reserved 2031616K, committed 70656K, used 55601K [0x0000000084000000, 0x0000000100000000)
  region size 1024K, 29 young (29696K), 3 survivors (3072K)
}
Event: 11.867 {heap After GC invocations=12 (full 0):
 garbage-first heap   total reserved 2031616K, committed 70656K, used 32060K [0x0000000084000000, 0x0000000100000000)
  region size 1024K, 5 young (5120K), 5 survivors (5120K)
}
Event: 12.961 {heap Before GC invocations=13 (full 0):
 garbage-first heap   total reserved 2031616K, committed 70656K, used 62780K [0x0000000084000000, 0x0000000100000000)
  region size 1024K, 35 young (35840K), 5 survivors (5120K)
}
Event: 12.968 {heap After GC invocations=14 (full 0):
 garbage-first heap   total reserved 2031616K, committed 71680K, used 34609K [0x0000000084000000, 0x0000000100000000)
  region size 1024K, 5 young (5120K), 5 survivors (5120K)
}
Event: 13.390 {heap Before GC invocations=14 (full 0):
 garbage-first heap   total reserved 2031616K, committed 71680K, used 62257K [0x0000000084000000, 0x0000000100000000)
  region size 1024K, 33 young (33792K), 5 survivors (5120K)
}
Event: 13.398 {heap After GC invocations=15 (full 0):
 garbage-first heap   total reserved 2031616K, committed 71680K, used 36363K [0x0000000084000000, 0x0000000100000000)
  region size 1024K, 5 young (5120K), 5 survivors (5120K)
}
Event: 13.593 {heap Before GC invocations=15 (full 0):
 garbage-first heap   total reserved 2031616K, committed 71680K, used 64011K [0x0000000084000000, 0x0000000100000000)
  region size 1024K, 32 young (32768K), 5 survivors (5120K)
}
Event: 13.597 {heap After GC invocations=16 (full 0):
 garbage-first heap   total reserved 2031616K, committed 71680K, used 37102K [0x0000000084000000, 0x0000000100000000)
  region size 1024K, 3 young (3072K), 3 survivors (3072K)
}
Event: 13.716 {heap Before GC invocations=16 (full 0):
 garbage-first heap   total reserved 2031616K, committed 71680K, used 64750K [0x0000000084000000, 0x0000000100000000)
  region size 1024K, 30 young (30720K), 3 survivors (3072K)
}
Event: 13.719 {heap After GC invocations=17 (full 0):
 garbage-first heap   total reserved 2031616K, committed 71680K, used 38257K [0x0000000084000000, 0x0000000100000000)
  region size 1024K, 2 young (2048K), 2 survivors (2048K)
}
Event: 13.969 {heap Before GC invocations=18 (full 0):
 garbage-first heap   total reserved 2031616K, committed 71680K, used 65905K [0x0000000084000000, 0x0000000100000000)
  region size 1024K, 29 young (29696K), 2 survivors (2048K)
}
Event: 13.972 {heap After GC invocations=19 (full 0):
 garbage-first heap   total reserved 2031616K, committed 71680K, used 41198K [0x0000000084000000, 0x0000000100000000)
  region size 1024K, 4 young (4096K), 4 survivors (4096K)
}
Event: 14.113 {heap Before GC invocations=19 (full 0):
 garbage-first heap   total reserved 2031616K, committed 71680K, used 64750K [0x0000000084000000, 0x0000000100000000)
  region size 1024K, 27 young (27648K), 4 survivors (4096K)
}
Event: 14.117 {heap After GC invocations=20 (full 0):
 garbage-first heap   total reserved 2031616K, committed 71680K, used 42368K [0x0000000084000000, 0x0000000100000000)
  region size 1024K, 2 young (2048K), 2 survivors (2048K)
}
Event: 14.168 {heap Before GC invocations=20 (full 0):
 garbage-first heap   total reserved 2031616K, committed 71680K, used 64896K [0x0000000084000000, 0x0000000100000000)
  region size 1024K, 24 young (24576K), 2 survivors (2048K)
}

